<?xml version="1.0" encoding="UTF-8"?>
<!-- Generated by org.testng.reporters.JUnitReportReporter -->
<testsuite hostname="Anusuya" failures="0" tests="1" name="LoginClass" time="19.816" errors="0" timestamp="2023-10-09T12:14:35 IST" skipped="0">
  <testcase classname="LoginClass" name="login" time="19.816"/>
</testsuite> <!-- LoginClass -->
