<?xml version="1.0" encoding="UTF-8"?>
<!-- Generated by org.testng.reporters.JUnitReportReporter -->
<testsuite hostname="Anusuya" failures="0" tests="1" name="OpenWindow" time="6.423" errors="0" timestamp="2023-10-07T13:26:08 IST" skipped="0">
  <testcase classname="OpenWindow" name="test" time="6.423"/>
</testsuite> <!-- OpenWindow -->
