<?xml version="1.0" encoding="UTF-8"?>
<!-- Generated by org.testng.reporters.JUnitReportReporter -->
<testsuite hostname="Anusuya" failures="0" tests="1" name="LoginClass" time="12.114" errors="0" timestamp="2023-09-26T19:53:19 IST" skipped="0">
  <testcase classname="LoginClass" name="login" time="12.114"/>
</testsuite> <!-- LoginClass -->
