<?xml version="1.0" encoding="UTF-8"?>
<!-- Generated by org.testng.reporters.JUnitReportReporter -->
<testsuite hostname="Anusuya" failures="0" tests="1" name="FollowAutomation" time="14.559" errors="0" timestamp="2023-10-09T15:32:16 IST" skipped="0">
  <testcase classname="FollowAutomation" name="followAutomation" time="14.559"/>
</testsuite> <!-- FollowAutomation -->
